2023/02/04 08:50:52 - 60 - __main__ - INFO - サロン一覧[1]ページ目
2023/02/04 08:50:55 - 68 - __main__ - INFO - No.1 サロン名: replay【リプレイ】 URL: https://beauty.hotpepper.jp/slnH000038822/?cstt=1 の口コミを取得中
2023/02/04 08:50:59 - 80 - __main__ - DEBUG - 1ページの口コミを取得中
2023/02/04 08:51:07 - 80 - __main__ - DEBUG - 2ページの口コミを取得中
2023/02/04 08:51:17 - 80 - __main__ - DEBUG - 3ページの口コミを取得中
2023/02/04 08:51:27 - 80 - __main__ - DEBUG - 4ページの口コミを取得中
2023/02/04 08:51:38 - 80 - __main__ - DEBUG - 5ページの口コミを取得中
2023/02/04 08:51:50 - 80 - __main__ - DEBUG - 6ページの口コミを取得中
2023/02/04 08:52:02 - 80 - __main__ - DEBUG - 7ページの口コミを取得中
2023/02/04 08:52:16 - 80 - __main__ - DEBUG - 8ページの口コミを取得中
2023/02/04 08:52:29 - 80 - __main__ - DEBUG - 9ページの口コミを取得中
2023/02/04 08:52:42 - 80 - __main__ - DEBUG - 10ページの口コミを取得中
2023/02/04 08:52:54 - 80 - __main__ - DEBUG - 11ページの口コミを取得中
2023/02/04 08:53:08 - 80 - __main__ - DEBUG - 12ページの口コミを取得中
2023/02/04 08:53:21 - 80 - __main__ - DEBUG - 13ページの口コミを取得中
2023/02/04 08:53:35 - 80 - __main__ - DEBUG - 14ページの口コミを取得中
2023/02/04 08:53:48 - 80 - __main__ - DEBUG - 15ページの口コミを取得中
2023/02/04 08:54:00 - 80 - __main__ - DEBUG - 16ページの口コミを取得中
2023/02/04 08:54:11 - 80 - __main__ - DEBUG - 17ページの口コミを取得中
2023/02/04 08:54:15 - 90 - __main__ - INFO - replay【リプレイ】の口コミ取得完了
2023/02/04 08:54:19 - 68 - __main__ - INFO - No.2 サロン名: By THE CALLiiiNG【バイコーリング】 URL: https://beauty.hotpepper.jp/slnH000605717/?cstt=2 の口コミを取得中
2023/02/04 08:54:23 - 80 - __main__ - DEBUG - 1ページの口コミを取得中
2023/02/04 08:54:33 - 80 - __main__ - DEBUG - 2ページの口コミを取得中
2023/02/04 08:54:37 - 90 - __main__ - INFO - By THE CALLiiiNG【バイコーリング】の口コミ取得完了
2023/02/04 08:54:40 - 68 - __main__ - INFO - No.3 サロン名: _WHITE HIROSHIMA【アンダーバーホワイト】 URL: https://beauty.hotpepper.jp/slnH000611367/?cstt=3 の口コミを取得中
2023/02/04 08:54:43 - 80 - __main__ - DEBUG - 1ページの口コミを取得中
2023/02/04 08:54:53 - 80 - __main__ - DEBUG - 2ページの口コミを取得中
2023/02/04 08:55:04 - 80 - __main__ - DEBUG - 3ページの口コミを取得中
2023/02/04 08:55:14 - 80 - __main__ - DEBUG - 4ページの口コミを取得中
2023/02/04 08:55:18 - 90 - __main__ - INFO - _WHITE HIROSHIMA【アンダーバーホワイト】の口コミ取得完了
2023/02/04 08:55:21 - 68 - __main__ - INFO - No.4 サロン名: fudge fukuromachi 【ファッジ】 URL: https://beauty.hotpepper.jp/slnH000311760/?cstt=4 の口コミを取得中
2023/02/04 08:55:25 - 80 - __main__ - DEBUG - 1ページの口コミを取得中
2023/02/04 08:55:35 - 80 - __main__ - DEBUG - 2ページの口コミを取得中
2023/02/04 08:55:45 - 80 - __main__ - DEBUG - 3ページの口コミを取得中
2023/02/04 08:55:56 - 80 - __main__ - DEBUG - 4ページの口コミを取得中
2023/02/04 08:56:07 - 80 - __main__ - DEBUG - 5ページの口コミを取得中
2023/02/04 08:56:20 - 80 - __main__ - DEBUG - 6ページの口コミを取得中
2023/02/04 08:56:30 - 90 - __main__ - INFO - fudge fukuromachi 【ファッジ】の口コミ取得完了
2023/02/04 08:56:34 - 68 - __main__ - INFO - No.5 サロン名: li‘a【リア】 URL: https://beauty.hotpepper.jp/slnH000444719/?cstt=5 の口コミを取得中
2023/02/04 08:56:37 - 80 - __main__ - DEBUG - 1ページの口コミを取得中
2023/02/04 08:56:50 - 80 - __main__ - DEBUG - 2ページの口コミを取得中
2023/02/04 08:57:01 - 80 - __main__ - DEBUG - 3ページの口コミを取得中
2023/02/04 08:57:13 - 80 - __main__ - DEBUG - 4ページの口コミを取得中
2023/02/04 08:57:24 - 80 - __main__ - DEBUG - 5ページの口コミを取得中
2023/02/04 08:57:36 - 80 - __main__ - DEBUG - 6ページの口コミを取得中
2023/02/04 08:57:48 - 80 - __main__ - DEBUG - 7ページの口コミを取得中
2023/02/04 08:58:01 - 80 - __main__ - DEBUG - 8ページの口コミを取得中
2023/02/04 08:58:13 - 80 - __main__ - DEBUG - 9ページの口コミを取得中
2023/02/04 08:58:27 - 80 - __main__ - DEBUG - 10ページの口コミを取得中
2023/02/04 08:58:40 - 80 - __main__ - DEBUG - 11ページの口コミを取得中
2023/02/04 08:58:53 - 80 - __main__ - DEBUG - 12ページの口コミを取得中
2023/02/04 08:59:06 - 80 - __main__ - DEBUG - 13ページの口コミを取得中
2023/02/04 08:59:19 - 80 - __main__ - DEBUG - 14ページの口コミを取得中
2023/02/04 08:59:32 - 80 - __main__ - DEBUG - 15ページの口コミを取得中
2023/02/04 08:59:44 - 80 - __main__ - DEBUG - 16ページの口コミを取得中
2023/02/04 08:59:56 - 80 - __main__ - DEBUG - 17ページの口コミを取得中
2023/02/04 09:00:08 - 80 - __main__ - DEBUG - 18ページの口コミを取得中
2023/02/04 09:00:21 - 80 - __main__ - DEBUG - 19ページの口コミを取得中
2023/02/04 09:00:34 - 80 - __main__ - DEBUG - 20ページの口コミを取得中
2023/02/04 09:00:48 - 80 - __main__ - DEBUG - 21ページの口コミを取得中
2023/02/04 09:01:02 - 80 - __main__ - DEBUG - 22ページの口コミを取得中
2023/02/04 09:01:23 - 80 - __main__ - DEBUG - 23ページの口コミを取得中
2023/02/04 09:01:30 - 90 - __main__ - INFO - li‘a【リア】の口コミ取得完了
2023/02/04 09:01:34 - 68 - __main__ - INFO - No.6 サロン名: La fith hair SEnSE 広島袋町店【ラフィス ヘアー センス】 URL: https://beauty.hotpepper.jp/slnH000545514/?cstt=6 の口コミを取得中
2023/02/04 09:01:38 - 80 - __main__ - DEBUG - 1ページの口コミを取得中
2023/02/04 09:01:48 - 80 - __main__ - DEBUG - 2ページの口コミを取得中
2023/02/04 09:01:58 - 80 - __main__ - DEBUG - 3ページの口コミを取得中
2023/02/04 09:02:09 - 80 - __main__ - DEBUG - 4ページの口コミを取得中
2023/02/04 09:02:20 - 80 - __main__ - DEBUG - 5ページの口コミを取得中
2023/02/04 09:02:31 - 80 - __main__ - DEBUG - 6ページの口コミを取得中
2023/02/04 09:02:43 - 80 - __main__ - DEBUG - 7ページの口コミを取得中
2023/02/04 09:02:56 - 80 - __main__ - DEBUG - 8ページの口コミを取得中
2023/02/04 09:03:08 - 80 - __main__ - DEBUG - 9ページの口コミを取得中
2023/02/04 09:03:20 - 80 - __main__ - DEBUG - 10ページの口コミを取得中
2023/02/04 09:03:26 - 90 - __main__ - INFO - La fith hair SEnSE 広島袋町店【ラフィス ヘアー センス】の口コミ取得完了
2023/02/04 09:03:29 - 68 - __main__ - INFO - No.7 サロン名: S4 hair produce【エスヨンヘアープロデュース】 URL: https://beauty.hotpepper.jp/slnH000317656/?cstt=7 の口コミを取得中
2023/02/04 09:03:33 - 80 - __main__ - DEBUG - 1ページの口コミを取得中
2023/02/04 09:03:43 - 80 - __main__ - DEBUG - 2ページの口コミを取得中
2023/02/04 09:03:53 - 80 - __main__ - DEBUG - 3ページの口コミを取得中
2023/02/04 09:04:04 - 80 - __main__ - DEBUG - 4ページの口コミを取得中
2023/02/04 09:04:16 - 80 - __main__ - DEBUG - 5ページの口コミを取得中
2023/02/04 09:04:28 - 80 - __main__ - DEBUG - 6ページの口コミを取得中
2023/02/04 09:04:39 - 80 - __main__ - DEBUG - 7ページの口コミを取得中
2023/02/04 09:04:50 - 80 - __main__ - DEBUG - 8ページの口コミを取得中
2023/02/04 09:05:01 - 80 - __main__ - DEBUG - 9ページの口コミを取得中
2023/02/04 09:05:13 - 80 - __main__ - DEBUG - 10ページの口コミを取得中
2023/02/04 09:05:24 - 80 - __main__ - DEBUG - 11ページの口コミを取得中
2023/02/04 09:05:35 - 80 - __main__ - DEBUG - 12ページの口コミを取得中
2023/02/04 09:05:47 - 80 - __main__ - DEBUG - 13ページの口コミを取得中
2023/02/04 09:06:00 - 80 - __main__ - DEBUG - 14ページの口コミを取得中
2023/02/04 09:06:13 - 80 - __main__ - DEBUG - 15ページの口コミを取得中
2023/02/04 09:06:24 - 80 - __main__ - DEBUG - 16ページの口コミを取得中
2023/02/04 09:06:25 - 90 - __main__ - INFO - S4 hair produce【エスヨンヘアープロデュース】の口コミ取得完了
2023/02/04 09:06:28 - 68 - __main__ - INFO - No.8 サロン名: 髪質改善ヘアエステRECALO【リカロ】Hiroshima URL: https://beauty.hotpepper.jp/slnH000614882/?cstt=8 の口コミを取得中
2023/02/04 09:06:31 - 80 - __main__ - DEBUG - 1ページの口コミを取得中
2023/02/04 09:06:38 - 90 - __main__ - INFO - 髪質改善ヘアエステRECALO【リカロ】Hiroshimaの口コミ取得完了
2023/02/04 09:06:42 - 68 - __main__ - INFO - No.9 サロン名: ATENA　AVEDA　広島パルコ店 【アテナアヴェダ】 URL: https://beauty.hotpepper.jp/slnH000161994/?cstt=9 の口コミを取得中
2023/02/04 09:06:46 - 80 - __main__ - DEBUG - 1ページの口コミを取得中
2023/02/04 09:06:55 - 80 - __main__ - DEBUG - 2ページの口コミを取得中
2023/02/04 09:07:05 - 80 - __main__ - DEBUG - 3ページの口コミを取得中
2023/02/04 09:07:15 - 80 - __main__ - DEBUG - 4ページの口コミを取得中
2023/02/04 09:07:26 - 80 - __main__ - DEBUG - 5ページの口コミを取得中
2023/02/04 09:07:37 - 80 - __main__ - DEBUG - 6ページの口コミを取得中
2023/02/04 09:07:47 - 80 - __main__ - DEBUG - 7ページの口コミを取得中
2023/02/04 09:07:58 - 80 - __main__ - DEBUG - 8ページの口コミを取得中
2023/02/04 09:08:50 - 80 - __main__ - DEBUG - 9ページの口コミを取得中
2023/02/04 09:09:09 - 80 - __main__ - DEBUG - 10ページの口コミを取得中
2023/02/04 09:09:19 - 80 - __main__ - DEBUG - 11ページの口コミを取得中
2023/02/04 09:09:29 - 80 - __main__ - DEBUG - 12ページの口コミを取得中
2023/02/04 09:09:39 - 80 - __main__ - DEBUG - 13ページの口コミを取得中
2023/02/04 09:09:51 - 80 - __main__ - DEBUG - 14ページの口コミを取得中
2023/02/04 09:10:03 - 80 - __main__ - DEBUG - 15ページの口コミを取得中
2023/02/04 09:10:17 - 80 - __main__ - DEBUG - 16ページの口コミを取得中
2023/02/04 09:10:31 - 80 - __main__ - DEBUG - 17ページの口コミを取得中
2023/02/04 09:10:46 - 80 - __main__ - DEBUG - 18ページの口コミを取得中
2023/02/04 09:11:01 - 80 - __main__ - DEBUG - 19ページの口コミを取得中
2023/02/04 09:11:19 - 80 - __main__ - DEBUG - 20ページの口コミを取得中
2023/02/04 09:11:31 - 80 - __main__ - DEBUG - 21ページの口コミを取得中
2023/02/04 09:11:39 - 90 - __main__ - INFO - ATENA　AVEDA　広島パルコ店 【アテナアヴェダ】の口コミ取得完了
2023/02/04 09:11:44 - 68 - __main__ - INFO - No.10 サロン名: SEED URL: https://beauty.hotpepper.jp/slnH000580933/?cstt=10 の口コミを取得中
2023/02/04 09:11:47 - 80 - __main__ - DEBUG - 1ページの口コミを取得中
2023/02/04 09:11:54 - 90 - __main__ - INFO - SEEDの口コミ取得完了
2023/02/04 09:11:58 - 68 - __main__ - INFO - No.11 サロン名: Cal URL: https://beauty.hotpepper.jp/slnH000185406/?wak=BPSC300401_link_ADsalon_top の口コミを取得中
2023/02/04 09:12:01 - 80 - __main__ - DEBUG - 1ページの口コミを取得中
2023/02/04 09:12:11 - 80 - __main__ - DEBUG - 2ページの口コミを取得中
2023/02/04 09:12:21 - 80 - __main__ - DEBUG - 3ページの口コミを取得中
2023/02/04 09:12:32 - 80 - __main__ - DEBUG - 4ページの口コミを取得中
2023/02/04 09:12:43 - 80 - __main__ - DEBUG - 5ページの口コミを取得中
2023/02/04 09:12:56 - 80 - __main__ - DEBUG - 6ページの口コミを取得中
2023/02/04 09:13:09 - 80 - __main__ - DEBUG - 7ページの口コミを取得中
2023/02/04 09:13:22 - 80 - __main__ - DEBUG - 8ページの口コミを取得中
2023/02/04 09:13:36 - 80 - __main__ - DEBUG - 9ページの口コミを取得中
2023/02/04 09:13:49 - 80 - __main__ - DEBUG - 10ページの口コミを取得中
2023/02/04 09:14:02 - 80 - __main__ - DEBUG - 11ページの口コミを取得中
2023/02/04 09:14:15 - 80 - __main__ - DEBUG - 12ページの口コミを取得中
2023/02/04 09:14:18 - 90 - __main__ - INFO - Calの口コミ取得完了
2023/02/04 09:14:21 - 68 - __main__ - INFO - No.12 サロン名: Lodge【ロッジ】 URL: https://beauty.hotpepper.jp/slnH000137389/?cstt=11 の口コミを取得中
2023/02/04 09:14:24 - 80 - __main__ - DEBUG - 1ページの口コミを取得中
2023/02/04 09:14:35 - 80 - __main__ - DEBUG - 2ページの口コミを取得中
2023/02/04 09:14:46 - 80 - __main__ - DEBUG - 3ページの口コミを取得中
2023/02/04 09:14:57 - 80 - __main__ - DEBUG - 4ページの口コミを取得中
2023/02/04 09:15:09 - 80 - __main__ - DEBUG - 5ページの口コミを取得中
2023/02/04 09:15:23 - 80 - __main__ - DEBUG - 6ページの口コミを取得中
2023/02/04 09:15:36 - 80 - __main__ - DEBUG - 7ページの口コミを取得中
2023/02/04 09:15:48 - 80 - __main__ - DEBUG - 8ページの口コミを取得中
2023/02/04 09:16:01 - 80 - __main__ - DEBUG - 9ページの口コミを取得中
2023/02/04 09:16:14 - 80 - __main__ - DEBUG - 10ページの口コミを取得中
2023/02/04 09:16:27 - 80 - __main__ - DEBUG - 11ページの口コミを取得中
2023/02/04 09:16:40 - 80 - __main__ - DEBUG - 12ページの口コミを取得中
2023/02/04 09:16:55 - 80 - __main__ - DEBUG - 13ページの口コミを取得中
2023/02/04 09:17:09 - 80 - __main__ - DEBUG - 14ページの口コミを取得中
2023/02/04 09:17:24 - 80 - __main__ - DEBUG - 15ページの口コミを取得中
2023/02/04 09:17:38 - 80 - __main__ - DEBUG - 16ページの口コミを取得中
2023/02/04 09:17:53 - 80 - __main__ - DEBUG - 17ページの口コミを取得中
2023/02/04 09:18:07 - 80 - __main__ - DEBUG - 18ページの口コミを取得中
2023/02/04 09:18:22 - 80 - __main__ - DEBUG - 19ページの口コミを取得中
2023/02/04 09:18:36 - 80 - __main__ - DEBUG - 20ページの口コミを取得中
2023/02/04 09:18:50 - 80 - __main__ - DEBUG - 21ページの口コミを取得中
2023/02/04 09:19:02 - 80 - __main__ - DEBUG - 22ページの口コミを取得中
2023/02/04 09:19:13 - 80 - __main__ - DEBUG - 23ページの口コミを取得中
2023/02/04 09:19:24 - 80 - __main__ - DEBUG - 24ページの口コミを取得中
2023/02/04 09:19:35 - 80 - __main__ - DEBUG - 25ページの口コミを取得中
2023/02/04 09:19:46 - 80 - __main__ - DEBUG - 26ページの口コミを取得中
2023/02/04 09:19:57 - 80 - __main__ - DEBUG - 27ページの口コミを取得中
2023/02/04 09:20:08 - 80 - __main__ - DEBUG - 28ページの口コミを取得中
2023/02/04 09:20:09 - 90 - __main__ - INFO - Lodge【ロッジ】の口コミ取得完了
2023/02/04 09:20:14 - 68 - __main__ - INFO - No.13 サロン名: loaf【ロフ】 URL: https://beauty.hotpepper.jp/slnH000404185/?cstt=12 の口コミを取得中
2023/02/04 09:20:18 - 80 - __main__ - DEBUG - 1ページの口コミを取得中
2023/02/04 09:20:27 - 80 - __main__ - DEBUG - 2ページの口コミを取得中
2023/02/04 09:20:36 - 80 - __main__ - DEBUG - 3ページの口コミを取得中
2023/02/04 09:20:46 - 80 - __main__ - DEBUG - 4ページの口コミを取得中
2023/02/04 09:20:50 - 90 - __main__ - INFO - loaf【ロフ】の口コミ取得完了
2023/02/04 09:20:55 - 68 - __main__ - INFO - No.14 サロン名: Cal URL: https://beauty.hotpepper.jp/slnH000185406/?cstt=13 の口コミを取得中
2023/02/04 09:20:58 - 80 - __main__ - DEBUG - 1ページの口コミを取得中
2023/02/04 09:21:09 - 80 - __main__ - DEBUG - 2ページの口コミを取得中
2023/02/04 09:21:19 - 80 - __main__ - DEBUG - 3ページの口コミを取得中
2023/02/04 09:21:31 - 80 - __main__ - DEBUG - 4ページの口コミを取得中
2023/02/04 09:21:42 - 80 - __main__ - DEBUG - 5ページの口コミを取得中
2023/02/04 09:21:52 - 80 - __main__ - DEBUG - 6ページの口コミを取得中
2023/02/04 09:22:04 - 80 - __main__ - DEBUG - 7ページの口コミを取得中
2023/02/04 09:22:17 - 80 - __main__ - DEBUG - 8ページの口コミを取得中
2023/02/04 09:22:29 - 80 - __main__ - DEBUG - 9ページの口コミを取得中
2023/02/04 09:22:42 - 80 - __main__ - DEBUG - 10ページの口コミを取得中
2023/02/04 09:22:54 - 80 - __main__ - DEBUG - 11ページの口コミを取得中
2023/02/04 09:23:07 - 80 - __main__ - DEBUG - 12ページの口コミを取得中
2023/02/04 09:23:09 - 90 - __main__ - INFO - Calの口コミ取得完了
2023/02/04 09:23:12 - 68 - __main__ - INFO - No.15 サロン名: LETTER URL: https://beauty.hotpepper.jp/slnH000376517/?cstt=14 の口コミを取得中
2023/02/04 09:23:16 - 80 - __main__ - DEBUG - 1ページの口コミを取得中
2023/02/04 09:23:27 - 80 - __main__ - DEBUG - 2ページの口コミを取得中
2023/02/04 09:23:38 - 80 - __main__ - DEBUG - 3ページの口コミを取得中
2023/02/04 09:23:48 - 80 - __main__ - DEBUG - 4ページの口コミを取得中
2023/02/04 09:23:52 - 90 - __main__ - INFO - LETTERの口コミ取得完了
2023/02/04 09:23:55 - 68 - __main__ - INFO - No.16 サロン名: E Komo hair 【エコモ　ヘアー】 URL: https://beauty.hotpepper.jp/slnH000546257/?cstt=15 の口コミを取得中
2023/02/04 09:23:58 - 80 - __main__ - DEBUG - 1ページの口コミを取得中
2023/02/04 09:24:08 - 80 - __main__ - DEBUG - 2ページの口コミを取得中
2023/02/04 09:24:18 - 80 - __main__ - DEBUG - 3ページの口コミを取得中
2023/02/04 09:24:29 - 80 - __main__ - DEBUG - 4ページの口コミを取得中
2023/02/04 09:24:40 - 80 - __main__ - DEBUG - 5ページの口コミを取得中
2023/02/04 09:24:53 - 80 - __main__ - DEBUG - 6ページの口コミを取得中
2023/02/04 09:25:04 - 80 - __main__ - DEBUG - 7ページの口コミを取得中
2023/02/04 09:25:15 - 80 - __main__ - DEBUG - 8ページの口コミを取得中
2023/02/04 09:25:25 - 80 - __main__ - DEBUG - 9ページの口コミを取得中
2023/02/04 09:25:36 - 80 - __main__ - DEBUG - 10ページの口コミを取得中
2023/02/04 09:25:47 - 80 - __main__ - DEBUG - 11ページの口コミを取得中
2023/02/04 09:25:59 - 80 - __main__ - DEBUG - 12ページの口コミを取得中
2023/02/04 09:26:11 - 80 - __main__ - DEBUG - 13ページの口コミを取得中
2023/02/04 09:26:21 - 80 - __main__ - DEBUG - 14ページの口コミを取得中
2023/02/04 09:26:32 - 80 - __main__ - DEBUG - 15ページの口コミを取得中
2023/02/04 09:26:44 - 80 - __main__ - DEBUG - 16ページの口コミを取得中
2023/02/04 09:26:57 - 80 - __main__ - DEBUG - 17ページの口コミを取得中
2023/02/04 09:27:09 - 80 - __main__ - DEBUG - 18ページの口コミを取得中
2023/02/04 09:27:21 - 80 - __main__ - DEBUG - 19ページの口コミを取得中
2023/02/04 09:27:32 - 80 - __main__ - DEBUG - 20ページの口コミを取得中
2023/02/04 09:27:44 - 80 - __main__ - DEBUG - 21ページの口コミを取得中
2023/02/04 09:27:56 - 80 - __main__ - DEBUG - 22ページの口コミを取得中
2023/02/04 09:28:08 - 80 - __main__ - DEBUG - 23ページの口コミを取得中
2023/02/04 09:28:19 - 80 - __main__ - DEBUG - 24ページの口コミを取得中
2023/02/04 09:28:31 - 80 - __main__ - DEBUG - 25ページの口コミを取得中
2023/02/04 09:28:42 - 80 - __main__ - DEBUG - 26ページの口コミを取得中
2023/02/04 09:28:53 - 80 - __main__ - DEBUG - 27ページの口コミを取得中
2023/02/04 09:29:04 - 80 - __main__ - DEBUG - 28ページの口コミを取得中
2023/02/04 09:29:16 - 80 - __main__ - DEBUG - 29ページの口コミを取得中
2023/02/04 09:29:27 - 80 - __main__ - DEBUG - 30ページの口コミを取得中
2023/02/04 09:29:38 - 80 - __main__ - DEBUG - 31ページの口コミを取得中
2023/02/04 09:29:50 - 80 - __main__ - DEBUG - 32ページの口コミを取得中
2023/02/04 09:30:03 - 80 - __main__ - DEBUG - 33ページの口コミを取得中
2023/02/04 09:30:15 - 80 - __main__ - DEBUG - 34ページの口コミを取得中
2023/02/04 09:30:29 - 80 - __main__ - DEBUG - 35ページの口コミを取得中
2023/02/04 09:30:43 - 80 - __main__ - DEBUG - 36ページの口コミを取得中
2023/02/04 09:30:57 - 80 - __main__ - DEBUG - 37ページの口コミを取得中
2023/02/04 09:31:15 - 80 - __main__ - DEBUG - 38ページの口コミを取得中
2023/02/04 09:31:29 - 80 - __main__ - DEBUG - 39ページの口コミを取得中
2023/02/04 09:31:43 - 80 - __main__ - DEBUG - 40ページの口コミを取得中
2023/02/04 09:31:56 - 80 - __main__ - DEBUG - 41ページの口コミを取得中
2023/02/04 09:32:09 - 80 - __main__ - DEBUG - 42ページの口コミを取得中
2023/02/04 09:32:22 - 80 - __main__ - DEBUG - 43ページの口コミを取得中
2023/02/04 09:32:35 - 80 - __main__ - DEBUG - 44ページの口コミを取得中
2023/02/04 09:32:38 - 90 - __main__ - INFO - E Komo hair 【エコモ　ヘアー】の口コミ取得完了
2023/02/04 09:32:41 - 68 - __main__ - INFO - No.17 サロン名: 【全席半個室サロン】Natural 広島店【ナチュラル】 URL: https://beauty.hotpepper.jp/slnH000535872/?cstt=16 の口コミを取得中
2023/02/04 09:32:44 - 80 - __main__ - DEBUG - 1ページの口コミを取得中
2023/02/04 09:32:54 - 80 - __main__ - DEBUG - 2ページの口コミを取得中
2023/02/04 09:33:04 - 80 - __main__ - DEBUG - 3ページの口コミを取得中
2023/02/04 09:33:15 - 80 - __main__ - DEBUG - 4ページの口コミを取得中
2023/02/04 09:33:27 - 80 - __main__ - DEBUG - 5ページの口コミを取得中
2023/02/04 09:33:39 - 80 - __main__ - DEBUG - 6ページの口コミを取得中
2023/02/04 09:33:54 - 80 - __main__ - DEBUG - 7ページの口コミを取得中
2023/02/04 09:34:07 - 80 - __main__ - DEBUG - 8ページの口コミを取得中
2023/02/04 09:34:20 - 80 - __main__ - DEBUG - 9ページの口コミを取得中
2023/02/04 09:34:33 - 80 - __main__ - DEBUG - 10ページの口コミを取得中
2023/02/04 09:34:47 - 80 - __main__ - DEBUG - 11ページの口コミを取得中
2023/02/04 09:35:01 - 80 - __main__ - DEBUG - 12ページの口コミを取得中
2023/02/04 09:35:14 - 80 - __main__ - DEBUG - 13ページの口コミを取得中
2023/02/04 09:35:27 - 80 - __main__ - DEBUG - 14ページの口コミを取得中
2023/02/04 09:35:40 - 80 - __main__ - DEBUG - 15ページの口コミを取得中
2023/02/04 09:35:53 - 80 - __main__ - DEBUG - 16ページの口コミを取得中
2023/02/04 09:36:06 - 80 - __main__ - DEBUG - 17ページの口コミを取得中
2023/02/04 09:36:20 - 80 - __main__ - DEBUG - 18ページの口コミを取得中
2023/02/04 09:36:35 - 80 - __main__ - DEBUG - 19ページの口コミを取得中
2023/02/04 09:36:50 - 80 - __main__ - DEBUG - 20ページの口コミを取得中
2023/02/04 09:37:04 - 80 - __main__ - DEBUG - 21ページの口コミを取得中
2023/02/04 09:37:19 - 80 - __main__ - DEBUG - 22ページの口コミを取得中
2023/02/04 09:37:33 - 80 - __main__ - DEBUG - 23ページの口コミを取得中
2023/02/04 09:37:49 - 80 - __main__ - DEBUG - 24ページの口コミを取得中
2023/02/04 09:38:04 - 80 - __main__ - DEBUG - 25ページの口コミを取得中
2023/02/04 09:38:17 - 80 - __main__ - DEBUG - 26ページの口コミを取得中
2023/02/04 09:38:29 - 80 - __main__ - DEBUG - 27ページの口コミを取得中
2023/02/04 09:38:41 - 80 - __main__ - DEBUG - 28ページの口コミを取得中
2023/02/04 09:38:53 - 80 - __main__ - DEBUG - 29ページの口コミを取得中
2023/02/04 09:39:06 - 80 - __main__ - DEBUG - 30ページの口コミを取得中
2023/02/04 09:39:19 - 80 - __main__ - DEBUG - 31ページの口コミを取得中
2023/02/04 09:39:33 - 80 - __main__ - DEBUG - 32ページの口コミを取得中
2023/02/04 09:39:47 - 80 - __main__ - DEBUG - 33ページの口コミを取得中
2023/02/04 09:40:01 - 80 - __main__ - DEBUG - 34ページの口コミを取得中
2023/02/04 09:40:15 - 80 - __main__ - DEBUG - 35ページの口コミを取得中
2023/02/04 09:40:29 - 80 - __main__ - DEBUG - 36ページの口コミを取得中
2023/02/04 09:40:42 - 80 - __main__ - DEBUG - 37ページの口コミを取得中
2023/02/04 09:40:45 - 90 - __main__ - INFO - 【全席半個室サロン】Natural 広島店【ナチュラル】の口コミ取得完了
2023/02/04 09:40:48 - 68 - __main__ - INFO - No.18 サロン名: Buzzy  men's salon by D&T URL: https://beauty.hotpepper.jp/slnH000586576/?cstt=17 の口コミを取得中
2023/02/04 09:40:52 - 80 - __main__ - DEBUG - 1ページの口コミを取得中
2023/02/04 09:41:04 - 80 - __main__ - DEBUG - 2ページの口コミを取得中
2023/02/04 09:41:10 - 90 - __main__ - INFO - Buzzy  men's salon by D&Tの口コミ取得完了
2023/02/04 09:41:14 - 68 - __main__ - INFO - No.19 サロン名: STYLE 袋町 【スタイル】 URL: https://beauty.hotpepper.jp/slnH000052889/?cstt=18 の口コミを取得中
2023/02/04 09:41:17 - 80 - __main__ - DEBUG - 1ページの口コミを取得中
2023/02/04 09:41:28 - 80 - __main__ - DEBUG - 2ページの口コミを取得中
2023/02/04 09:41:39 - 80 - __main__ - DEBUG - 3ページの口コミを取得中
2023/02/04 09:41:51 - 80 - __main__ - DEBUG - 4ページの口コミを取得中
2023/02/04 09:42:03 - 80 - __main__ - DEBUG - 5ページの口コミを取得中
2023/02/04 09:42:14 - 80 - __main__ - DEBUG - 6ページの口コミを取得中
2023/02/04 09:42:25 - 80 - __main__ - DEBUG - 7ページの口コミを取得中
2023/02/04 09:42:37 - 80 - __main__ - DEBUG - 8ページの口コミを取得中
2023/02/04 09:42:48 - 80 - __main__ - DEBUG - 9ページの口コミを取得中
2023/02/04 09:42:59 - 80 - __main__ - DEBUG - 10ページの口コミを取得中
2023/02/04 09:43:11 - 80 - __main__ - DEBUG - 11ページの口コミを取得中
2023/02/04 09:43:22 - 80 - __main__ - DEBUG - 12ページの口コミを取得中
2023/02/04 09:43:33 - 80 - __main__ - DEBUG - 13ページの口コミを取得中
2023/02/04 09:43:44 - 80 - __main__ - DEBUG - 14ページの口コミを取得中
2023/02/04 09:43:56 - 80 - __main__ - DEBUG - 15ページの口コミを取得中
2023/02/04 09:44:08 - 80 - __main__ - DEBUG - 16ページの口コミを取得中
2023/02/04 09:44:20 - 80 - __main__ - DEBUG - 17ページの口コミを取得中
2023/02/04 09:44:31 - 80 - __main__ - DEBUG - 18ページの口コミを取得中
2023/02/04 09:44:42 - 80 - __main__ - DEBUG - 19ページの口コミを取得中
2023/02/04 09:44:53 - 80 - __main__ - DEBUG - 20ページの口コミを取得中
2023/02/04 09:44:54 - 90 - __main__ - INFO - STYLE 袋町 【スタイル】の口コミ取得完了
2023/02/04 09:44:58 - 68 - __main__ - INFO - No.20 サロン名: Passion for hair 並木店 URL: https://beauty.hotpepper.jp/slnH000039563/?cstt=19 の口コミを取得中
2023/02/04 09:45:01 - 80 - __main__ - DEBUG - 1ページの口コミを取得中
2023/02/04 09:45:05 - 90 - __main__ - INFO - Passion for hair 並木店の口コミ取得完了
2023/02/04 09:45:11 - 68 - __main__ - INFO - No.21 サロン名: iLL_steeLo URL: https://beauty.hotpepper.jp/slnH000523539/?cstt=20 の口コミを取得中
2023/02/04 09:45:15 - 80 - __main__ - DEBUG - 1ページの口コミを取得中
2023/02/04 09:45:26 - 80 - __main__ - DEBUG - 2ページの口コミを取得中
2023/02/04 09:45:36 - 80 - __main__ - DEBUG - 3ページの口コミを取得中
2023/02/04 09:45:37 - 90 - __main__ - INFO - iLL_steeLoの口コミ取得完了
2023/02/04 09:45:45 - 60 - __main__ - INFO - サロン一覧[2]ページ目
2023/02/04 09:45:48 - 68 - __main__ - INFO - No.1 サロン名: SOHO newyork広島 紙屋町店【ソーホーニューヨーク】 URL: https://beauty.hotpepper.jp/slnH000338663/?cstt=21 の口コミを取得中
2023/02/04 09:45:52 - 80 - __main__ - DEBUG - 1ページの口コミを取得中
2023/02/04 09:46:01 - 80 - __main__ - DEBUG - 2ページの口コミを取得中
2023/02/04 09:46:11 - 80 - __main__ - DEBUG - 3ページの口コミを取得中
2023/02/04 09:46:22 - 80 - __main__ - DEBUG - 4ページの口コミを取得中
2023/02/04 09:46:26 - 90 - __main__ - INFO - SOHO newyork広島 紙屋町店【ソーホーニューヨーク】の口コミ取得完了
2023/02/04 09:46:29 - 68 - __main__ - INFO - No.2 サロン名: fudge 並木店 【ファッジ】 URL: https://beauty.hotpepper.jp/slnH000619893/?cstt=22 の口コミを取得中
2023/02/04 09:46:32 - 80 - __main__ - DEBUG - 1ページの口コミを取得中
2023/02/04 09:46:33 - 90 - __main__ - INFO - fudge 並木店 【ファッジ】の口コミ取得完了
2023/02/04 09:46:36 - 68 - __main__ - INFO - No.3 サロン名: le collage【ルコラージュ】 URL: https://beauty.hotpepper.jp/slnH000570265/?cstt=23 の口コミを取得中
2023/02/04 09:46:41 - 80 - __main__ - DEBUG - 1ページの口コミを取得中
2023/02/04 09:46:51 - 80 - __main__ - DEBUG - 2ページの口コミを取得中
2023/02/04 09:47:01 - 80 - __main__ - DEBUG - 3ページの口コミを取得中
2023/02/04 09:47:12 - 80 - __main__ - DEBUG - 4ページの口コミを取得中
2023/02/04 09:47:24 - 80 - __main__ - DEBUG - 5ページの口コミを取得中
2023/02/04 09:47:37 - 80 - __main__ - DEBUG - 6ページの口コミを取得中
2023/02/04 09:47:50 - 80 - __main__ - DEBUG - 7ページの口コミを取得中
2023/02/04 09:47:52 - 90 - __main__ - INFO - le collage【ルコラージュ】の口コミ取得完了
2023/02/04 09:47:57 - 68 - __main__ - INFO - No.4 サロン名: ESPRIT袋町店【エスプリ】 URL: https://beauty.hotpepper.jp/slnH000131612/?cstt=24 の口コミを取得中
2023/02/04 09:47:59 - 80 - __main__ - DEBUG - 1ページの口コミを取得中
2023/02/04 09:48:00 - 90 - __main__ - INFO - ESPRIT袋町店【エスプリ】の口コミ取得完了
2023/02/04 09:48:03 - 68 - __main__ - INFO - No.5 サロン名: CLEO hair Cenote【クレオヘアセノーテ】 URL: https://beauty.hotpepper.jp/slnH000371029/?cstt=25 の口コミを取得中
2023/02/04 09:48:06 - 80 - __main__ - DEBUG - 1ページの口コミを取得中
2023/02/04 09:48:16 - 80 - __main__ - DEBUG - 2ページの口コミを取得中
2023/02/04 09:48:27 - 80 - __main__ - DEBUG - 3ページの口コミを取得中
2023/02/04 09:48:38 - 80 - __main__ - DEBUG - 4ページの口コミを取得中
2023/02/04 09:48:49 - 80 - __main__ - DEBUG - 5ページの口コミを取得中
2023/02/04 09:49:01 - 80 - __main__ - DEBUG - 6ページの口コミを取得中
2023/02/04 09:49:13 - 80 - __main__ - DEBUG - 7ページの口コミを取得中
2023/02/04 09:49:25 - 80 - __main__ - DEBUG - 8ページの口コミを取得中
2023/02/04 09:49:37 - 80 - __main__ - DEBUG - 9ページの口コミを取得中
2023/02/04 09:49:48 - 80 - __main__ - DEBUG - 10ページの口コミを取得中
2023/02/04 09:50:00 - 80 - __main__ - DEBUG - 11ページの口コミを取得中
2023/02/04 09:50:11 - 80 - __main__ - DEBUG - 12ページの口コミを取得中
2023/02/04 09:50:23 - 80 - __main__ - DEBUG - 13ページの口コミを取得中
2023/02/04 09:50:34 - 80 - __main__ - DEBUG - 14ページの口コミを取得中
2023/02/04 09:50:35 - 90 - __main__ - INFO - CLEO hair Cenote【クレオヘアセノーテ】の口コミ取得完了
2023/02/04 09:50:38 - 68 - __main__ - INFO - No.6 サロン名: CAPITAL【キャピタル】 URL: https://beauty.hotpepper.jp/slnH000055547/?cstt=26 の口コミを取得中
2023/02/04 09:50:41 - 80 - __main__ - DEBUG - 1ページの口コミを取得中
2023/02/04 09:50:53 - 80 - __main__ - DEBUG - 2ページの口コミを取得中
2023/02/04 09:51:03 - 80 - __main__ - DEBUG - 3ページの口コミを取得中
2023/02/04 09:51:14 - 80 - __main__ - DEBUG - 4ページの口コミを取得中
2023/02/04 09:51:28 - 80 - __main__ - DEBUG - 5ページの口コミを取得中
2023/02/04 09:51:40 - 80 - __main__ - DEBUG - 6ページの口コミを取得中
2023/02/04 09:51:52 - 80 - __main__ - DEBUG - 7ページの口コミを取得中
2023/02/04 09:52:05 - 80 - __main__ - DEBUG - 8ページの口コミを取得中
2023/02/04 09:52:18 - 80 - __main__ - DEBUG - 9ページの口コミを取得中
2023/02/04 09:52:32 - 80 - __main__ - DEBUG - 10ページの口コミを取得中
2023/02/04 09:52:46 - 80 - __main__ - DEBUG - 11ページの口コミを取得中
2023/02/04 09:52:58 - 80 - __main__ - DEBUG - 12ページの口コミを取得中
2023/02/04 09:53:12 - 80 - __main__ - DEBUG - 13ページの口コミを取得中
2023/02/04 09:53:24 - 80 - __main__ - DEBUG - 14ページの口コミを取得中
2023/02/04 09:53:37 - 80 - __main__ - DEBUG - 15ページの口コミを取得中
2023/02/04 09:53:50 - 80 - __main__ - DEBUG - 16ページの口コミを取得中
2023/02/04 09:54:04 - 80 - __main__ - DEBUG - 17ページの口コミを取得中
2023/02/04 09:54:17 - 80 - __main__ - DEBUG - 18ページの口コミを取得中
2023/02/04 09:54:31 - 80 - __main__ - DEBUG - 19ページの口コミを取得中
2023/02/04 09:54:44 - 80 - __main__ - DEBUG - 20ページの口コミを取得中
2023/02/04 09:54:59 - 80 - __main__ - DEBUG - 21ページの口コミを取得中
2023/02/04 09:55:14 - 80 - __main__ - DEBUG - 22ページの口コミを取得中
2023/02/04 09:55:29 - 80 - __main__ - DEBUG - 23ページの口コミを取得中
2023/02/04 09:55:43 - 80 - __main__ - DEBUG - 24ページの口コミを取得中
2023/02/04 09:55:58 - 80 - __main__ - DEBUG - 25ページの口コミを取得中
2023/02/04 09:56:12 - 80 - __main__ - DEBUG - 26ページの口コミを取得中
2023/02/04 09:56:26 - 80 - __main__ - DEBUG - 27ページの口コミを取得中
2023/02/04 09:56:32 - 90 - __main__ - INFO - CAPITAL【キャピタル】の口コミ取得完了
2023/02/04 09:56:35 - 68 - __main__ - INFO - No.7 サロン名: MiLi【ミリ】 URL: https://beauty.hotpepper.jp/slnH000473799/?cstt=27 の口コミを取得中
2023/02/04 09:56:38 - 80 - __main__ - DEBUG - 1ページの口コミを取得中
2023/02/04 09:56:50 - 80 - __main__ - DEBUG - 2ページの口コミを取得中
2023/02/04 09:57:02 - 80 - __main__ - DEBUG - 3ページの口コミを取得中
2023/02/04 09:57:14 - 80 - __main__ - DEBUG - 4ページの口コミを取得中
2023/02/04 09:57:19 - 90 - __main__ - INFO - MiLi【ミリ】の口コミ取得完了
2023/02/04 09:57:22 - 68 - __main__ - INFO - No.8 サロン名: five vox hair 広島【ファイブボックスヘアーヒロシマ】 URL: https://beauty.hotpepper.jp/slnH000467591/?cstt=28 の口コミを取得中
2023/02/04 09:57:25 - 80 - __main__ - DEBUG - 1ページの口コミを取得中
2023/02/04 09:57:37 - 80 - __main__ - DEBUG - 2ページの口コミを取得中
2023/02/04 09:57:48 - 80 - __main__ - DEBUG - 3ページの口コミを取得中
2023/02/04 09:57:59 - 80 - __main__ - DEBUG - 4ページの口コミを取得中
2023/02/04 09:58:10 - 80 - __main__ - DEBUG - 5ページの口コミを取得中
2023/02/04 09:58:11 - 90 - __main__ - INFO - five vox hair 広島【ファイブボックスヘアーヒロシマ】の口コミ取得完了
2023/02/04 09:58:14 - 68 - __main__ - INFO - No.9 サロン名: co-kyu　袋町【コキュウ】 URL: https://beauty.hotpepper.jp/slnH000141721/?cstt=29 の口コミを取得中
2023/02/04 09:58:18 - 80 - __main__ - DEBUG - 1ページの口コミを取得中
2023/02/04 09:58:28 - 80 - __main__ - DEBUG - 2ページの口コミを取得中
2023/02/04 09:58:41 - 80 - __main__ - DEBUG - 3ページの口コミを取得中
2023/02/04 09:58:52 - 80 - __main__ - DEBUG - 4ページの口コミを取得中
2023/02/04 09:59:05 - 80 - __main__ - DEBUG - 5ページの口コミを取得中
2023/02/04 09:59:19 - 80 - __main__ - DEBUG - 6ページの口コミを取得中
2023/02/04 09:59:33 - 80 - __main__ - DEBUG - 7ページの口コミを取得中
2023/02/04 09:59:47 - 80 - __main__ - DEBUG - 8ページの口コミを取得中
2023/02/04 10:00:01 - 80 - __main__ - DEBUG - 9ページの口コミを取得中
2023/02/04 10:00:17 - 80 - __main__ - DEBUG - 10ページの口コミを取得中
2023/02/04 10:00:28 - 80 - __main__ - DEBUG - 11ページの口コミを取得中
2023/02/04 10:00:40 - 80 - __main__ - DEBUG - 12ページの口コミを取得中
2023/02/04 10:00:54 - 80 - __main__ - DEBUG - 13ページの口コミを取得中
2023/02/04 10:01:06 - 80 - __main__ - DEBUG - 14ページの口コミを取得中
2023/02/04 10:01:19 - 80 - __main__ - DEBUG - 15ページの口コミを取得中
2023/02/04 10:01:31 - 80 - __main__ - DEBUG - 16ページの口コミを取得中
2023/02/04 10:01:35 - 90 - __main__ - INFO - co-kyu　袋町【コキュウ】の口コミ取得完了
2023/02/04 10:01:54 - 68 - __main__ - INFO - No.10 サロン名: CLEO hair L'atelier【クレオヘアアトリエ】 URL: https://beauty.hotpepper.jp/slnH000581275/?cstt=30 の口コミを取得中
2023/02/04 10:01:59 - 80 - __main__ - DEBUG - 1ページの口コミを取得中
2023/02/04 10:02:08 - 80 - __main__ - DEBUG - 2ページの口コミを取得中
2023/02/04 10:02:18 - 80 - __main__ - DEBUG - 3ページの口コミを取得中
2023/02/04 10:02:19 - 90 - __main__ - INFO - CLEO hair L'atelier【クレオヘアアトリエ】の口コミ取得完了
2023/02/04 10:02:23 - 68 - __main__ - INFO - No.11 サロン名: Cal URL: https://beauty.hotpepper.jp/slnH000185406/?wak=BPSC300401_link_ADsalon_top の口コミを取得中
2023/02/04 10:02:26 - 80 - __main__ - DEBUG - 1ページの口コミを取得中
2023/02/04 10:02:36 - 80 - __main__ - DEBUG - 2ページの口コミを取得中
2023/02/04 10:02:46 - 80 - __main__ - DEBUG - 3ページの口コミを取得中
2023/02/04 10:02:57 - 80 - __main__ - DEBUG - 4ページの口コミを取得中
2023/02/04 10:03:09 - 80 - __main__ - DEBUG - 5ページの口コミを取得中
2023/02/04 10:03:23 - 80 - __main__ - DEBUG - 6ページの口コミを取得中
2023/02/04 10:03:36 - 80 - __main__ - DEBUG - 7ページの口コミを取得中
2023/02/04 10:03:48 - 80 - __main__ - DEBUG - 8ページの口コミを取得中
2023/02/04 10:03:59 - 80 - __main__ - DEBUG - 9ページの口コミを取得中
2023/02/04 10:04:12 - 80 - __main__ - DEBUG - 10ページの口コミを取得中
2023/02/04 10:04:24 - 80 - __main__ - DEBUG - 11ページの口コミを取得中
2023/02/04 10:04:37 - 80 - __main__ - DEBUG - 12ページの口コミを取得中
2023/02/04 10:04:40 - 90 - __main__ - INFO - Calの口コミ取得完了
2023/02/04 10:04:43 - 68 - __main__ - INFO - No.12 サロン名: bello URL: https://beauty.hotpepper.jp/slnH000441099/?cstt=31 の口コミを取得中
2023/02/04 10:04:46 - 80 - __main__ - DEBUG - 1ページの口コミを取得中
2023/02/04 10:04:58 - 80 - __main__ - DEBUG - 2ページの口コミを取得中
2023/02/04 10:05:08 - 80 - __main__ - DEBUG - 3ページの口コミを取得中
2023/02/04 10:05:19 - 80 - __main__ - DEBUG - 4ページの口コミを取得中
2023/02/04 10:05:31 - 80 - __main__ - DEBUG - 5ページの口コミを取得中
2023/02/04 10:05:44 - 80 - __main__ - DEBUG - 6ページの口コミを取得中
2023/02/04 10:05:57 - 80 - __main__ - DEBUG - 7ページの口コミを取得中
2023/02/04 10:06:05 - 90 - __main__ - INFO - belloの口コミ取得完了
2023/02/04 10:06:08 - 68 - __main__ - INFO - No.13 サロン名: CHAMBERs　【チェンバーズ】 URL: https://beauty.hotpepper.jp/slnH000100147/?cstt=32 の口コミを取得中
2023/02/04 10:06:11 - 80 - __main__ - DEBUG - 1ページの口コミを取得中
2023/02/04 10:06:24 - 80 - __main__ - DEBUG - 2ページの口コミを取得中
2023/02/04 10:06:35 - 80 - __main__ - DEBUG - 3ページの口コミを取得中
2023/02/04 10:06:38 - 90 - __main__ - INFO - CHAMBERs　【チェンバーズ】の口コミ取得完了
2023/02/04 10:06:45 - 68 - __main__ - INFO - No.14 サロン名: i mua【イムア】 URL: https://beauty.hotpepper.jp/slnH000624178/?cstt=33 の口コミを取得中
2023/02/04 10:06:48 - 80 - __main__ - DEBUG - 1ページの口コミを取得中
2023/02/04 10:06:49 - 90 - __main__ - INFO - i mua【イムア】の口コミ取得完了
2023/02/04 10:06:53 - 68 - __main__ - INFO - No.15 サロン名: moug【ムージー】 URL: https://beauty.hotpepper.jp/slnH000597366/?cstt=34 の口コミを取得中
2023/02/04 10:06:56 - 80 - __main__ - DEBUG - 1ページの口コミを取得中
2023/02/04 10:07:05 - 80 - __main__ - DEBUG - 2ページの口コミを取得中
2023/02/04 10:07:05 - 90 - __main__ - INFO - moug【ムージー】の口コミ取得完了
2023/02/04 10:07:08 - 68 - __main__ - INFO - No.16 サロン名: NEST URL: https://beauty.hotpepper.jp/slnH000632590/?cstt=35 の口コミを取得中
2023/02/04 10:07:11 - 80 - __main__ - DEBUG - 1ページの口コミを取得中
2023/02/04 10:07:11 - 90 - __main__ - INFO - NESTの口コミ取得完了
2023/02/04 10:07:14 - 68 - __main__ - INFO - No.17 サロン名: Stro-Bo　hair URL: https://beauty.hotpepper.jp/slnH000039471/?cstt=36 の口コミを取得中
2023/02/04 10:07:18 - 80 - __main__ - DEBUG - 1ページの口コミを取得中
2023/02/04 10:07:27 - 80 - __main__ - DEBUG - 2ページの口コミを取得中
2023/02/04 10:07:28 - 90 - __main__ - INFO - Stro-Bo　hairの口コミ取得完了
2023/02/04 10:07:31 - 68 - __main__ - INFO - No.18 サロン名: ALTS glaness【アルツ グレアス】 URL: https://beauty.hotpepper.jp/slnH000453176/?cstt=37 の口コミを取得中
2023/02/04 10:07:35 - 80 - __main__ - DEBUG - 1ページの口コミを取得中
2023/02/04 10:07:44 - 80 - __main__ - DEBUG - 2ページの口コミを取得中
2023/02/04 10:07:54 - 80 - __main__ - DEBUG - 3ページの口コミを取得中
2023/02/04 10:07:55 - 90 - __main__ - INFO - ALTS glaness【アルツ グレアス】の口コミ取得完了
2023/02/04 10:07:58 - 68 - __main__ - INFO - No.19 サロン名: smile on nylon hair【スマイロンナイロンヘアー】 URL: https://beauty.hotpepper.jp/slnH000109436/?cstt=38 の口コミを取得中
2023/02/04 10:08:01 - 80 - __main__ - DEBUG - 1ページの口コミを取得中
2023/02/04 10:08:02 - 90 - __main__ - INFO - smile on nylon hair【スマイロンナイロンヘアー】の口コミ取得完了
2023/02/04 10:08:05 - 68 - __main__ - INFO - No.20 サロン名: uni hair URL: https://beauty.hotpepper.jp/slnH000567860/?cstt=39 の口コミを取得中
2023/02/04 10:08:08 - 80 - __main__ - DEBUG - 1ページの口コミを取得中
2023/02/04 10:08:18 - 80 - __main__ - DEBUG - 2ページの口コミを取得中
2023/02/04 10:08:27 - 80 - __main__ - DEBUG - 3ページの口コミを取得中
2023/02/04 10:08:28 - 90 - __main__ - INFO - uni hairの口コミ取得完了
2023/02/04 10:08:31 - 68 - __main__ - INFO - No.21 サロン名: hair make WILLOW URL: https://beauty.hotpepper.jp/slnH000546207/?cstt=40 の口コミを取得中
2023/02/04 10:08:35 - 80 - __main__ - DEBUG - 1ページの口コミを取得中
2023/02/04 10:08:45 - 80 - __main__ - DEBUG - 2ページの口コミを取得中
2023/02/04 10:08:56 - 80 - __main__ - DEBUG - 3ページの口コミを取得中
2023/02/04 10:09:07 - 80 - __main__ - DEBUG - 4ページの口コミを取得中
2023/02/04 10:09:10 - 90 - __main__ - INFO - hair make WILLOWの口コミ取得完了
2023/02/04 10:09:18 - 60 - __main__ - INFO - サロン一覧[3]ページ目
2023/02/04 10:09:21 - 68 - __main__ - INFO - No.1 サロン名: VOLOS URL: https://beauty.hotpepper.jp/slnH000433256/?cstt=41 の口コミを取得中
2023/02/04 10:09:24 - 80 - __main__ - DEBUG - 1ページの口コミを取得中
2023/02/04 10:09:29 - 90 - __main__ - INFO - VOLOSの口コミ取得完了
2023/02/04 10:09:32 - 68 - __main__ - INFO - No.2 サロン名: Palama URL: https://beauty.hotpepper.jp/slnH000354637/?cstt=42 の口コミを取得中
2023/02/04 10:09:35 - 80 - __main__ - DEBUG - 1ページの口コミを取得中
2023/02/04 10:09:42 - 90 - __main__ - INFO - Palamaの口コミ取得完了
2023/02/04 10:09:45 - 68 - __main__ - INFO - No.3 サロン名: Lic【リク】 URL: https://beauty.hotpepper.jp/slnH000283673/?cstt=43 の口コミを取得中
2023/02/04 10:09:48 - 80 - __main__ - DEBUG - 1ページの口コミを取得中
2023/02/04 10:09:58 - 80 - __main__ - DEBUG - 2ページの口コミを取得中
2023/02/04 10:10:01 - 90 - __main__ - INFO - Lic【リク】の口コミ取得完了
2023/02/04 10:10:04 - 68 - __main__ - INFO - No.4 サロン名: storiiz URL: https://beauty.hotpepper.jp/slnH000486913/?cstt=44 の口コミを取得中
2023/02/04 10:10:07 - 80 - __main__ - DEBUG - 1ページの口コミを取得中
2023/02/04 10:10:18 - 80 - __main__ - DEBUG - 2ページの口コミを取得中
2023/02/04 10:10:28 - 80 - __main__ - DEBUG - 3ページの口コミを取得中
2023/02/04 10:10:28 - 90 - __main__ - INFO - storiizの口コミ取得完了
2023/02/04 10:10:31 - 68 - __main__ - INFO - No.5 サロン名: Hair　Mode　Verve URL: https://beauty.hotpepper.jp/slnH000499943/?cstt=45 の口コミを取得中
2023/02/04 10:10:34 - 80 - __main__ - DEBUG - 1ページの口コミを取得中
2023/02/04 10:10:37 - 90 - __main__ - INFO - Hair　Mode　Verveの口コミ取得完了
2023/02/04 10:10:40 - 68 - __main__ - INFO - No.6 サロン名: ARTICAL　HAIR～アーティカルヘア～ URL: https://beauty.hotpepper.jp/slnH000231002/?cstt=46 の口コミを取得中
2023/02/04 10:10:43 - 80 - __main__ - DEBUG - 1ページの口コミを取得中
2023/02/04 10:10:48 - 90 - __main__ - INFO - ARTICAL　HAIR～アーティカルヘア～の口コミ取得完了
2023/02/04 10:10:51 - 68 - __main__ - INFO - No.7 サロン名: BOB.BISH URL: https://beauty.hotpepper.jp/slnH000324700/?cstt=47 の口コミを取得中
2023/02/04 10:10:54 - 80 - __main__ - DEBUG - 1ページの口コミを取得中
2023/02/04 10:10:56 - 90 - __main__ - INFO - BOB.BISHの口コミ取得完了
2023/02/04 10:11:00 - 68 - __main__ - INFO - No.8 サロン名: ROW【ロウ】 URL: https://beauty.hotpepper.jp/slnH000592470/?cstt=48 の口コミを取得中
2023/02/04 10:11:03 - 80 - __main__ - DEBUG - 1ページの口コミを取得中
2023/02/04 10:11:07 - 90 - __main__ - INFO - ROW【ロウ】の口コミ取得完了
2023/02/04 10:11:10 - 68 - __main__ - INFO - No.9 サロン名: maison.【メゾン】 URL: https://beauty.hotpepper.jp/slnH000494389/?cstt=49 の口コミを取得中
2023/02/04 10:11:13 - 80 - __main__ - DEBUG - 1ページの口コミを取得中
2023/02/04 10:11:22 - 80 - __main__ - DEBUG - 2ページの口コミを取得中
2023/02/04 10:11:33 - 80 - __main__ - DEBUG - 3ページの口コミを取得中
2023/02/04 10:11:43 - 80 - __main__ - DEBUG - 4ページの口コミを取得中
2023/02/04 10:11:55 - 80 - __main__ - DEBUG - 5ページの口コミを取得中
2023/02/04 10:12:08 - 80 - __main__ - DEBUG - 6ページの口コミを取得中
2023/02/04 10:12:21 - 80 - __main__ - DEBUG - 7ページの口コミを取得中
2023/02/04 10:12:25 - 90 - __main__ - INFO - maison.【メゾン】の口コミ取得完了
2023/02/04 10:12:28 - 68 - __main__ - INFO - No.10 サロン名: ノンダメージサロン（R）広島袋町店【5月上旬 NEW OPEN（予定）】 URL: https://beauty.hotpepper.jp/slnH000633080/?cstt=50 の口コミを取得中
2023/02/04 10:12:31 - 80 - __main__ - DEBUG - 1ページの口コミを取得中
2023/02/04 10:12:31 - 90 - __main__ - INFO - ノンダメージサロン（R）広島袋町店【5月上旬 NEW OPEN（予定）】の口コミ取得完了
2023/02/04 10:12:34 - 68 - __main__ - INFO - No.11 サロン名: fudge fukuromachi 【ファッジ】 URL: https://beauty.hotpepper.jp/slnH000311760/?wak=BPSC300401_link_ADsalon_top の口コミを取得中
2023/02/04 10:12:37 - 80 - __main__ - DEBUG - 1ページの口コミを取得中
2023/02/04 10:12:47 - 80 - __main__ - DEBUG - 2ページの口コミを取得中
2023/02/04 10:12:57 - 80 - __main__ - DEBUG - 3ページの口コミを取得中
2023/02/04 10:13:08 - 80 - __main__ - DEBUG - 4ページの口コミを取得中
2023/02/04 10:13:19 - 80 - __main__ - DEBUG - 5ページの口コミを取得中
2023/02/04 10:13:31 - 80 - __main__ - DEBUG - 6ページの口コミを取得中
2023/02/04 10:13:38 - 90 - __main__ - INFO - fudge fukuromachi 【ファッジ】の口コミ取得完了
2023/02/04 10:13:41 - 68 - __main__ - INFO - No.12 サロン名: Bon sejour【ボンセジュール】 URL: https://beauty.hotpepper.jp/slnH000393373/?cstt=51 の口コミを取得中
2023/02/04 10:13:45 - 80 - __main__ - DEBUG - 1ページの口コミを取得中
2023/02/04 10:13:55 - 80 - __main__ - DEBUG - 2ページの口コミを取得中
2023/02/04 10:13:58 - 90 - __main__ - INFO - Bon sejour【ボンセジュール】の口コミ取得完了
2023/02/04 10:14:01 - 68 - __main__ - INFO - No.13 サロン名: nier URL: https://beauty.hotpepper.jp/slnH000606854/?cstt=52 の口コミを取得中
2023/02/04 10:14:04 - 80 - __main__ - DEBUG - 1ページの口コミを取得中
2023/02/04 10:14:14 - 80 - __main__ - DEBUG - 2ページの口コミを取得中
2023/02/04 10:14:25 - 80 - __main__ - DEBUG - 3ページの口コミを取得中
2023/02/04 10:14:35 - 80 - __main__ - DEBUG - 4ページの口コミを取得中
2023/02/04 10:14:39 - 90 - __main__ - INFO - nierの口コミ取得完了
2023/02/04 10:14:42 - 68 - __main__ - INFO - No.14 サロン名: 【ヘアケア特化型サロン】hair care & spa by ROW【ロウ】 URL: https://beauty.hotpepper.jp/slnH000601868/?cstt=53 の口コミを取得中
2023/02/04 10:14:45 - 80 - __main__ - DEBUG - 1ページの口コミを取得中
2023/02/04 10:14:46 - 90 - __main__ - INFO - 【ヘアケア特化型サロン】hair care & spa by ROW【ロウ】の口コミ取得完了
2023/02/04 10:14:49 - 68 - __main__ - INFO - No.15 サロン名: Salon Hollywood【サロン　ハリウッド】 URL: https://beauty.hotpepper.jp/slnH000147234/?cstt=54 の口コミを取得中
2023/02/04 10:14:53 - 80 - __main__ - DEBUG - 1ページの口コミを取得中
2023/02/04 10:15:02 - 80 - __main__ - DEBUG - 2ページの口コミを取得中
2023/02/04 10:15:12 - 80 - __main__ - DEBUG - 3ページの口コミを取得中
2023/02/04 10:15:23 - 80 - __main__ - DEBUG - 4ページの口コミを取得中
2023/02/04 10:15:34 - 80 - __main__ - DEBUG - 5ページの口コミを取得中
2023/02/04 10:15:45 - 80 - __main__ - DEBUG - 6ページの口コミを取得中
2023/02/04 10:15:49 - 90 - __main__ - INFO - Salon Hollywood【サロン　ハリウッド】の口コミ取得完了
2023/02/04 10:15:52 - 68 - __main__ - INFO - No.16 サロン名: RoLLy hair design hiroshima 【ローリーヘアデザインヒロシマ】 URL: https://beauty.hotpepper.jp/slnH000625332/?cstt=55 の口コミを取得中
2023/02/04 10:15:54 - 80 - __main__ - DEBUG - 1ページの口コミを取得中
2023/02/04 10:15:54 - 90 - __main__ - INFO - RoLLy hair design hiroshima 【ローリーヘアデザインヒロシマ】の口コミ取得完了
2023/02/04 10:15:57 - 68 - __main__ - INFO - No.17 サロン名: shiro mlife【シロ　ミライフ】 URL: https://beauty.hotpepper.jp/slnH000538111/?cstt=56 の口コミを取得中
2023/02/04 10:16:00 - 80 - __main__ - DEBUG - 1ページの口コミを取得中
2023/02/04 10:16:09 - 80 - __main__ - DEBUG - 2ページの口コミを取得中
2023/02/04 10:16:19 - 80 - __main__ - DEBUG - 3ページの口コミを取得中
2023/02/04 10:16:32 - 80 - __main__ - DEBUG - 4ページの口コミを取得中
2023/02/04 10:16:44 - 80 - __main__ - DEBUG - 5ページの口コミを取得中
2023/02/04 10:16:54 - 80 - __main__ - DEBUG - 6ページの口コミを取得中
2023/02/04 10:16:55 - 90 - __main__ - INFO - shiro mlife【シロ　ミライフ】の口コミ取得完了
2023/02/04 10:16:58 - 68 - __main__ - INFO - No.18 サロン名: MALONE mlife【マローン ミライフ】 URL: https://beauty.hotpepper.jp/slnH000453487/?cstt=57 の口コミを取得中
2023/02/04 10:17:01 - 80 - __main__ - DEBUG - 1ページの口コミを取得中
2023/02/04 10:17:11 - 80 - __main__ - DEBUG - 2ページの口コミを取得中
2023/02/04 10:17:22 - 80 - __main__ - DEBUG - 3ページの口コミを取得中
2023/02/04 10:17:32 - 80 - __main__ - DEBUG - 4ページの口コミを取得中
2023/02/04 10:17:33 - 90 - __main__ - INFO - MALONE mlife【マローン ミライフ】の口コミ取得完了
2023/02/04 10:17:36 - 68 - __main__ - INFO - No.19 サロン名: ROGUE URL: https://beauty.hotpepper.jp/slnH000166000/?cstt=58 の口コミを取得中
2023/02/04 10:17:39 - 80 - __main__ - DEBUG - 1ページの口コミを取得中
2023/02/04 10:17:48 - 80 - __main__ - DEBUG - 2ページの口コミを取得中
2023/02/04 10:17:49 - 90 - __main__ - INFO - ROGUEの口コミ取得完了
2023/02/04 10:17:52 - 68 - __main__ - INFO - No.20 サロン名: mlife袋町/本通り【ミライフ】 URL: https://beauty.hotpepper.jp/slnH000314238/?cstt=59 の口コミを取得中
2023/02/04 10:17:56 - 80 - __main__ - DEBUG - 1ページの口コミを取得中
2023/02/04 10:18:05 - 80 - __main__ - DEBUG - 2ページの口コミを取得中
2023/02/04 10:18:15 - 80 - __main__ - DEBUG - 3ページの口コミを取得中
2023/02/04 10:18:22 - 90 - __main__ - INFO - mlife袋町/本通り【ミライフ】の口コミ取得完了
2023/02/04 10:18:25 - 68 - __main__ - INFO - No.21 サロン名: ALPHA TOUCH Jujube 【アルファタッチ ジュジュブ】 URL: https://beauty.hotpepper.jp/slnH000598540/?cstt=60 の口コミを取得中
2023/02/04 10:18:28 - 80 - __main__ - DEBUG - 1ページの口コミを取得中
2023/02/04 10:18:29 - 90 - __main__ - INFO - ALPHA TOUCH Jujube 【アルファタッチ ジュジュブ】の口コミ取得完了
2023/02/04 10:18:36 - 60 - __main__ - INFO - サロン一覧[4]ページ目
2023/02/04 10:18:39 - 68 - __main__ - INFO - No.1 サロン名: SNOB【スノッブ】 URL: https://beauty.hotpepper.jp/slnH000142862/?cstt=61 の口コミを取得中
2023/02/04 10:18:43 - 80 - __main__ - DEBUG - 1ページの口コミを取得中
2023/02/04 10:18:51 - 80 - __main__ - DEBUG - 2ページの口コミを取得中
2023/02/04 10:18:52 - 90 - __main__ - INFO - SNOB【スノッブ】の口コミ取得完了
2023/02/04 10:18:55 - 68 - __main__ - INFO - No.2 サロン名: -ヘアメイク・ヘッドスパ専門店-cocon【ココン】 URL: https://beauty.hotpepper.jp/slnH000374038/?cstt=62 の口コミを取得中
2023/02/04 10:18:58 - 80 - __main__ - DEBUG - 1ページの口コミを取得中
2023/02/04 10:19:07 - 80 - __main__ - DEBUG - 2ページの口コミを取得中
2023/02/04 10:19:16 - 80 - __main__ - DEBUG - 3ページの口コミを取得中
2023/02/04 10:19:19 - 90 - __main__ - INFO - -ヘアメイク・ヘッドスパ専門店-cocon【ココン】の口コミ取得完了
2023/02/04 10:19:22 - 68 - __main__ - INFO - No.3 サロン名: lagi【ラジ】 URL: https://beauty.hotpepper.jp/slnH000471471/?cstt=63 の口コミを取得中
2023/02/04 10:19:25 - 80 - __main__ - DEBUG - 1ページの口コミを取得中
2023/02/04 10:19:34 - 80 - __main__ - DEBUG - 2ページの口コミを取得中
2023/02/04 10:19:36 - 90 - __main__ - INFO - lagi【ラジ】の口コミ取得完了
2023/02/04 10:19:39 - 68 - __main__ - INFO - No.4 サロン名: nai【ナイ】 URL: https://beauty.hotpepper.jp/slnH000589589/?cstt=64 の口コミを取得中
2023/02/04 10:19:42 - 80 - __main__ - DEBUG - 1ページの口コミを取得中
2023/02/04 10:19:52 - 80 - __main__ - DEBUG - 2ページの口コミを取得中
2023/02/04 10:19:55 - 90 - __main__ - INFO - nai【ナイ】の口コミ取得完了
2023/02/04 10:19:58 - 68 - __main__ - INFO - No.5 サロン名: GREED hair URL: https://beauty.hotpepper.jp/slnH000421649/?cstt=65 の口コミを取得中
2023/02/04 10:20:01 - 80 - __main__ - DEBUG - 1ページの口コミを取得中
2023/02/04 10:20:11 - 80 - __main__ - DEBUG - 2ページの口コミを取得中
2023/02/04 10:20:14 - 90 - __main__ - INFO - GREED hairの口コミ取得完了
2023/02/04 10:20:17 - 68 - __main__ - INFO - No.6 サロン名: tre/e' hair salon URL: https://beauty.hotpepper.jp/slnH000551408/?cstt=66 の口コミを取得中
2023/02/04 10:20:21 - 80 - __main__ - DEBUG - 1ページの口コミを取得中
2023/02/04 10:20:31 - 80 - __main__ - DEBUG - 2ページの口コミを取得中
2023/02/04 10:20:41 - 80 - __main__ - DEBUG - 3ページの口コミを取得中
2023/02/04 10:20:51 - 80 - __main__ - DEBUG - 4ページの口コミを取得中
2023/02/04 10:21:03 - 80 - __main__ - DEBUG - 5ページの口コミを取得中
2023/02/04 10:21:09 - 90 - __main__ - INFO - tre/e' hair salonの口コミ取得完了
2023/02/04 10:21:12 - 68 - __main__ - INFO - No.7 サロン名: 髪結床　月白 URL: https://beauty.hotpepper.jp/slnH000430865/?cstt=67 の口コミを取得中
2023/02/04 10:21:15 - 80 - __main__ - DEBUG - 1ページの口コミを取得中
2023/02/04 10:21:26 - 80 - __main__ - DEBUG - 2ページの口コミを取得中
2023/02/04 10:21:36 - 80 - __main__ - DEBUG - 3ページの口コミを取得中
2023/02/04 10:21:38 - 90 - __main__ - INFO - 髪結床　月白の口コミ取得完了
2023/02/04 10:21:41 - 68 - __main__ - INFO - No.8 サロン名: SUNNYDAY hair URL: https://beauty.hotpepper.jp/slnH000402395/?cstt=68 の口コミを取得中
2023/02/04 10:21:43 - 80 - __main__ - DEBUG - 1ページの口コミを取得中
2023/02/04 10:21:43 - 90 - __main__ - INFO - SUNNYDAY hairの口コミ取得完了
2023/02/04 10:21:46 - 68 - __main__ - INFO - No.9 サロン名: oluolu ～hair～ URL: https://beauty.hotpepper.jp/slnH000324111/?cstt=69 の口コミを取得中
2023/02/04 10:21:49 - 80 - __main__ - DEBUG - 1ページの口コミを取得中
2023/02/04 10:21:55 - 90 - __main__ - INFO - oluolu ～hair～の口コミ取得完了
2023/02/04 10:21:58 - 68 - __main__ - INFO - No.10 サロン名: aman reve 【アマンレーヴ】 URL: https://beauty.hotpepper.jp/slnH000069616/?cstt=70 の口コミを取得中
2023/02/04 10:22:00 - 80 - __main__ - DEBUG - 1ページの口コミを取得中
2023/02/04 10:22:10 - 80 - __main__ - DEBUG - 2ページの口コミを取得中
2023/02/04 10:22:20 - 80 - __main__ - DEBUG - 3ページの口コミを取得中
2023/02/04 10:22:25 - 90 - __main__ - INFO - aman reve 【アマンレーヴ】の口コミ取得完了
2023/02/04 10:22:28 - 68 - __main__ - INFO - No.11 サロン名: fudge fukuromachi 【ファッジ】 URL: https://beauty.hotpepper.jp/slnH000311760/?wak=BPSC300401_link_ADsalon_top の口コミを取得中
2023/02/04 10:22:31 - 80 - __main__ - DEBUG - 1ページの口コミを取得中
2023/02/04 10:22:42 - 80 - __main__ - DEBUG - 2ページの口コミを取得中
2023/02/04 10:22:52 - 80 - __main__ - DEBUG - 3ページの口コミを取得中
2023/02/04 10:23:03 - 80 - __main__ - DEBUG - 4ページの口コミを取得中
2023/02/04 10:23:14 - 80 - __main__ - DEBUG - 5ページの口コミを取得中
2023/02/04 10:23:25 - 80 - __main__ - DEBUG - 6ページの口コミを取得中
2023/02/04 10:23:32 - 90 - __main__ - INFO - fudge fukuromachi 【ファッジ】の口コミ取得完了
2023/02/04 10:23:35 - 68 - __main__ - INFO - No.12 サロン名: kipfel. URL: https://beauty.hotpepper.jp/slnH000321420/?cstt=71 の口コミを取得中
2023/02/04 10:23:38 - 80 - __main__ - DEBUG - 1ページの口コミを取得中
2023/02/04 10:23:41 - 90 - __main__ - INFO - kipfel.の口コミ取得完了
2023/02/04 10:23:44 - 68 - __main__ - INFO - No.13 サロン名: Akari Hair Studio【アカリヘアースタジオ】 URL: https://beauty.hotpepper.jp/slnH000143097/?cstt=72 の口コミを取得中
2023/02/04 10:23:47 - 80 - __main__ - DEBUG - 1ページの口コミを取得中
2023/02/04 10:23:57 - 80 - __main__ - DEBUG - 2ページの口コミを取得中
2023/02/04 10:24:07 - 80 - __main__ - DEBUG - 3ページの口コミを取得中
2023/02/04 10:24:18 - 80 - __main__ - DEBUG - 4ページの口コミを取得中
2023/02/04 10:24:28 - 80 - __main__ - DEBUG - 5ページの口コミを取得中
2023/02/04 10:24:31 - 90 - __main__ - INFO - Akari Hair Studio【アカリヘアースタジオ】の口コミ取得完了
2023/02/04 10:24:35 - 68 - __main__ - INFO - No.14 サロン名: green URL: https://beauty.hotpepper.jp/slnH000391998/?cstt=73 の口コミを取得中
2023/02/04 10:24:38 - 80 - __main__ - DEBUG - 1ページの口コミを取得中
2023/02/04 10:24:42 - 90 - __main__ - INFO - greenの口コミ取得完了
2023/02/04 10:24:45 - 68 - __main__ - INFO - No.15 サロン名: LecieL【ルシエル】 URL: https://beauty.hotpepper.jp/slnH000189429/?cstt=74 の口コミを取得中
2023/02/04 10:24:48 - 80 - __main__ - DEBUG - 1ページの口コミを取得中
2023/02/04 10:24:48 - 90 - __main__ - INFO - LecieL【ルシエル】の口コミ取得完了
2023/02/04 10:24:51 - 68 - __main__ - INFO - No.16 サロン名: ESPRIT流川店【エスプリナガレカワテン】 URL: https://beauty.hotpepper.jp/slnH000220335/?cstt=75 の口コミを取得中
2023/02/04 10:24:54 - 80 - __main__ - DEBUG - 1ページの口コミを取得中
2023/02/04 10:24:55 - 90 - __main__ - INFO - ESPRIT流川店【エスプリナガレカワテン】の口コミ取得完了
2023/02/04 10:24:59 - 68 - __main__ - INFO - No.17 サロン名: DOLL UP URL: https://beauty.hotpepper.jp/slnH000052489/?cstt=76 の口コミを取得中
2023/02/04 10:25:02 - 80 - __main__ - DEBUG - 1ページの口コミを取得中
2023/02/04 10:25:02 - 90 - __main__ - INFO - DOLL UPの口コミ取得完了
2023/02/04 10:25:04 - 68 - __main__ - INFO - No.18 サロン名: Rueda URL: https://beauty.hotpepper.jp/slnH000126570/?cstt=77 の口コミを取得中
2023/02/04 10:25:07 - 80 - __main__ - DEBUG - 1ページの口コミを取得中
2023/02/04 10:25:16 - 80 - __main__ - DEBUG - 2ページの口コミを取得中
2023/02/04 10:25:26 - 80 - __main__ - DEBUG - 3ページの口コミを取得中
2023/02/04 10:25:29 - 90 - __main__ - INFO - Ruedaの口コミ取得完了
2023/02/04 10:25:32 - 68 - __main__ - INFO - No.19 サロン名: etole【エトル】 URL: https://beauty.hotpepper.jp/slnH000472639/?cstt=78 の口コミを取得中
2023/02/04 10:25:36 - 80 - __main__ - DEBUG - 1ページの口コミを取得中
2023/02/04 10:25:42 - 90 - __main__ - INFO - etole【エトル】の口コミ取得完了
2023/02/04 10:25:45 - 68 - __main__ - INFO - No.20 サロン名: merry 【メリー】 URL: https://beauty.hotpepper.jp/slnH000367331/?cstt=79 の口コミを取得中
2023/02/04 10:25:47 - 80 - __main__ - DEBUG - 1ページの口コミを取得中
2023/02/04 10:25:47 - 90 - __main__ - INFO - merry 【メリー】の口コミ取得完了
2023/02/04 10:25:50 - 68 - __main__ - INFO - No.21 サロン名: Turic【ツリック】 URL: https://beauty.hotpepper.jp/slnH000371055/?cstt=80 の口コミを取得中
2023/02/04 10:25:52 - 80 - __main__ - DEBUG - 1ページの口コミを取得中
2023/02/04 10:25:52 - 90 - __main__ - INFO - Turic【ツリック】の口コミ取得完了
2023/02/04 10:25:59 - 60 - __main__ - INFO - サロン一覧[5]ページ目
2023/02/04 10:26:02 - 68 - __main__ - INFO - No.1 サロン名: odd-jobs　SPICE URL: https://beauty.hotpepper.jp/slnH000066331/?cstt=81 の口コミを取得中
2023/02/04 10:26:05 - 80 - __main__ - DEBUG - 1ページの口コミを取得中
2023/02/04 10:26:07 - 90 - __main__ - INFO - odd-jobs　SPICEの口コミ取得完了
2023/02/04 10:26:09 - 68 - __main__ - INFO - No.2 サロン名: BOSHU　HAIR URL: https://beauty.hotpepper.jp/slnH000093246/?cstt=82 の口コミを取得中
2023/02/04 10:26:13 - 80 - __main__ - DEBUG - 1ページの口コミを取得中
2023/02/04 10:26:16 - 90 - __main__ - INFO - BOSHU　HAIRの口コミ取得完了
2023/02/04 10:26:18 - 68 - __main__ - INFO - No.3 サロン名: ZENA【ジーナ】 URL: https://beauty.hotpepper.jp/slnH000111421/?cstt=83 の口コミを取得中
2023/02/04 10:26:22 - 80 - __main__ - DEBUG - 1ページの口コミを取得中
2023/02/04 10:26:31 - 80 - __main__ - DEBUG - 2ページの口コミを取得中
2023/02/04 10:26:41 - 80 - __main__ - DEBUG - 3ページの口コミを取得中
2023/02/04 10:26:56 - 80 - __main__ - DEBUG - 4ページの口コミを取得中
2023/02/04 10:27:04 - 90 - __main__ - INFO - ZENA【ジーナ】の口コミ取得完了
2023/02/04 10:27:07 - 68 - __main__ - INFO - No.4 サロン名: LIBERTAD HEAD SHOP　【リベルター ヘッドショップ】 URL: https://beauty.hotpepper.jp/slnH000147204/?cstt=84 の口コミを取得中
2023/02/04 10:27:10 - 80 - __main__ - DEBUG - 1ページの口コミを取得中
2023/02/04 10:27:10 - 90 - __main__ - INFO - LIBERTAD HEAD SHOP　【リベルター ヘッドショップ】の口コミ取得完了
2023/02/04 10:27:13 - 68 - __main__ - INFO - No.5 サロン名: effort URL: https://beauty.hotpepper.jp/slnH000301781/?cstt=85 の口コミを取得中
2023/02/04 10:27:16 - 80 - __main__ - DEBUG - 1ページの口コミを取得中
2023/02/04 10:27:25 - 80 - __main__ - DEBUG - 2ページの口コミを取得中
2023/02/04 10:27:26 - 90 - __main__ - INFO - effortの口コミ取得完了
2023/02/04 10:27:30 - 68 - __main__ - INFO - No.6 サロン名: GALLERIA【ガレリア】 URL: https://beauty.hotpepper.jp/slnH000410909/?cstt=86 の口コミを取得中
2023/02/04 10:27:32 - 80 - __main__ - DEBUG - 1ページの口コミを取得中
2023/02/04 10:27:33 - 90 - __main__ - INFO - GALLERIA【ガレリア】の口コミ取得完了
2023/02/04 10:27:35 - 68 - __main__ - INFO - No.7 サロン名: Rick【リック】 URL: https://beauty.hotpepper.jp/slnH000536956/?cstt=87 の口コミを取得中
2023/02/04 10:27:38 - 80 - __main__ - DEBUG - 1ページの口コミを取得中
2023/02/04 10:27:39 - 90 - __main__ - INFO - Rick【リック】の口コミ取得完了
2023/02/04 10:27:43 - 68 - __main__ - INFO - No.8 サロン名: beauty:beast 三川町店【ビューティービースト】 URL: https://beauty.hotpepper.jp/slnH000309371/?cstt=88 の口コミを取得中
2023/02/04 10:27:46 - 80 - __main__ - DEBUG - 1ページの口コミを取得中
2023/02/04 10:27:55 - 80 - __main__ - DEBUG - 2ページの口コミを取得中
2023/02/04 10:28:06 - 80 - __main__ - DEBUG - 3ページの口コミを取得中
2023/02/04 10:28:17 - 80 - __main__ - DEBUG - 4ページの口コミを取得中
2023/02/04 10:28:28 - 80 - __main__ - DEBUG - 5ページの口コミを取得中
2023/02/04 10:28:40 - 80 - __main__ - DEBUG - 6ページの口コミを取得中
2023/02/04 10:28:51 - 80 - __main__ - DEBUG - 7ページの口コミを取得中
2023/02/04 10:29:03 - 80 - __main__ - DEBUG - 8ページの口コミを取得中
2023/02/04 10:29:16 - 80 - __main__ - DEBUG - 9ページの口コミを取得中
2023/02/04 10:29:30 - 80 - __main__ - DEBUG - 10ページの口コミを取得中
2023/02/04 10:29:42 - 80 - __main__ - DEBUG - 11ページの口コミを取得中
2023/02/04 10:29:44 - 90 - __main__ - INFO - beauty:beast 三川町店【ビューティービースト】の口コミ取得完了
2023/02/04 10:29:48 - 68 - __main__ - INFO - No.9 サロン名: ROTO URL: https://beauty.hotpepper.jp/slnH000124713/?cstt=89 の口コミを取得中
2023/02/04 10:29:51 - 80 - __main__ - DEBUG - 1ページの口コミを取得中
2023/02/04 10:29:51 - 90 - __main__ - INFO - ROTOの口コミ取得完了
2023/02/04 10:29:54 - 68 - __main__ - INFO - No.10 サロン名: nike【ニケ】 URL: https://beauty.hotpepper.jp/slnH000424302/?cstt=90 の口コミを取得中
2023/02/04 10:29:57 - 80 - __main__ - DEBUG - 1ページの口コミを取得中
2023/02/04 10:29:57 - 90 - __main__ - INFO - nike【ニケ】の口コミ取得完了
2023/02/04 10:30:00 - 68 - __main__ - INFO - No.11 サロン名: Cal URL: https://beauty.hotpepper.jp/slnH000185406/?wak=BPSC300401_link_ADsalon_top の口コミを取得中
2023/02/04 10:30:03 - 80 - __main__ - DEBUG - 1ページの口コミを取得中
2023/02/04 10:30:12 - 80 - __main__ - DEBUG - 2ページの口コミを取得中
2023/02/04 10:30:22 - 80 - __main__ - DEBUG - 3ページの口コミを取得中
2023/02/04 10:30:33 - 80 - __main__ - DEBUG - 4ページの口コミを取得中
2023/02/04 10:30:44 - 80 - __main__ - DEBUG - 5ページの口コミを取得中
2023/02/04 10:30:56 - 80 - __main__ - DEBUG - 6ページの口コミを取得中
2023/02/04 10:31:07 - 80 - __main__ - DEBUG - 7ページの口コミを取得中
2023/02/04 10:31:21 - 80 - __main__ - DEBUG - 8ページの口コミを取得中
2023/02/04 10:31:34 - 80 - __main__ - DEBUG - 9ページの口コミを取得中
2023/02/04 10:31:49 - 80 - __main__ - DEBUG - 10ページの口コミを取得中
2023/02/04 10:32:03 - 80 - __main__ - DEBUG - 11ページの口コミを取得中
2023/02/04 10:32:18 - 80 - __main__ - DEBUG - 12ページの口コミを取得中
2023/02/04 10:32:20 - 90 - __main__ - INFO - Calの口コミ取得完了
2023/02/04 10:32:23 - 68 - __main__ - INFO - No.12 サロン名: coquelicot【コクリコ】 URL: https://beauty.hotpepper.jp/slnH000367767/?cstt=91 の口コミを取得中
2023/02/04 10:32:26 - 80 - __main__ - DEBUG - 1ページの口コミを取得中
2023/02/04 10:32:27 - 90 - __main__ - INFO - coquelicot【コクリコ】の口コミ取得完了
2023/02/04 10:32:29 - 68 - __main__ - INFO - No.13 サロン名: ＭＯＮＫＥＹ’Ｓ URL: https://beauty.hotpepper.jp/slnH000039414/?cstt=92 の口コミを取得中
2023/02/04 10:32:32 - 111 - __main__ - INFO - すべての口コミを取得(正常終了)
